NAME: 全家便利店（红桂路店）
ADDR: 深圳市罗湖区桂园街道红桂路金众经典家园金?M阁金茗阁裙楼1B

NAME: 地铁?I岭站店
ADDR: 深圳市福田区梅林街道深圳市地铁9号线?I岭站S09-ML-4-01商铺

NAME: 红桂路店
ADDR: 深圳市罗湖区桂园街道红桂路金众经典家园金?M阁金茗阁裙楼1B

NAME: 地铁?蚩谡镜?
ADDR: 广州市荔湾区广州地铁五号线?蚩谡?JK-5-IS铺

NAME: 地铁五羊?站店
ADDR: 广州地铁五号线五羊?站商铺WYC-5-1S、2S

NAME: 全家地铁?I岭站店
ADDR: 深圳市福田区梅林街道深圳市地铁9号线?I岭站S09-ML-4-01商铺

NAME: 地铁沥?蛘镜?
ADDR: 广州市海珠区广州地铁三号线沥?蛘?LJ-3-5S、LJ-3-4S号铺

NAME: 地铁厦?蛘镜?
ADDR: 广州地铁三号线厦?蛘旧唐?XJ-3-1S

NAME: 地铁沥?蛘镜?
ADDR: 广州市海珠区广州地铁三号线沥?蛘?LJ-3-5S、LJ-3-4S号铺

NAME: 全家便利店(?川路三店）
ADDR: 上海市宝山区?川路1588号2幢一层101室

NAME: ?川路店
ADDR: 上海市?川路1555号

NAME: ?川路二店
ADDR: 上海市?川路516号

NAME: 全家便利店(南?藻路店）
ADDR: 上海市宝山区南?藻路33号一层
